[2023-08-26 06:56:10] live.ERROR: SQLSTATE[HY000] [1045] Access denied for user 'u636805486_samferas'@'localhost' (using password: YES) (SQL: select * from `system` where `key` = crm_version limit 1) {"exception":"[object] (Illuminate\\Database\\QueryException(code: 1045): SQLSTATE[HY000] [1045] Access denied for user 'u636805486_samferas'@'localhost' (using password: YES) (SQL: select * from `system` where `key` = crm_version limit 1) at /home/u131785120/domains/samberp.com/public_html/feras/vendor/laravel/framework/src/Illuminate/Database/Connection.php:760)
[stacktrace]
#0 /home/u131785120/domains/samberp.com/public_html/feras/vendor/laravel/framework/src/Illuminate/Database/Connection.php(720): Illuminate\\Database\\Connection->runQueryCallback()
#1 /home/u131785120/domains/samberp.com/public_html/feras/vendor/laravel/framework/src/Illuminate/Database/Connection.php(422): Illuminate\\Database\\Connection->run()
#2 /home/u131785120/domains/samberp.com/public_html/feras/vendor/laravel/framework/src/Illuminate/Database/Query/Builder.php(2706): Illuminate\\Database\\Connection->select()
#3 /home/u131785120/domains/samberp.com/public_html/feras/vendor/laravel/framework/src/Illuminate/Database/Query/Builder.php(2694): Illuminate\\Database\\Query\\Builder->runSelect()
#4 /home/u131785120/domains/samberp.com/public_html/feras/vendor/laravel/framework/src/Illuminate/Database/Query/Builder.php(3230): Illuminate\\Database\\Query\\Builder->Illuminate\\Database\\Query\\{closure}()
#5 /home/u131785120/domains/samberp.com/public_html/feras/vendor/laravel/framework/src/Illuminate/Database/Query/Builder.php(2695): Illuminate\\Database\\Query\\Builder->onceWithColumns()
#6 /home/u131785120/domains/samberp.com/public_html/feras/vendor/laravel/framework/src/Illuminate/Database/Eloquent/Builder.php(710): Illuminate\\Database\\Query\\Builder->get()
#7 /home/u131785120/domains/samberp.com/public_html/feras/vendor/laravel/framework/src/Illuminate/Database/Eloquent/Builder.php(694): Illuminate\\Database\\Eloquent\\Builder->getModels()
#8 /home/u131785120/domains/samberp.com/public_html/feras/vendor/laravel/framework/src/Illuminate/Database/Concerns/BuildsQueries.php(296): Illuminate\\Database\\Eloquent\\Builder->get()
#9 /home/u131785120/domains/samberp.com/public_html/feras/app/System.php(39): Illuminate\\Database\\Eloquent\\Builder->first()
#10 /home/u131785120/domains/samberp.com/public_html/feras/app/Utils/ModuleUtil.php(28): App\\System::getProperty()
#11 /home/u131785120/domains/samberp.com/public_html/feras/Modules/Crm/Providers/CrmServiceProvider.php(172): App\\Utils\\ModuleUtil->isModuleInstalled()
#12 /home/u131785120/domains/samberp.com/public_html/feras/Modules/Crm/Providers/CrmServiceProvider.php(39): Modules\\Crm\\Providers\\CrmServiceProvider->registerScheduleCommands()
#13 /home/u131785120/domains/samberp.com/public_html/feras/vendor/laravel/framework/src/Illuminate/Container/BoundMethod.php(36): Modules\\Crm\\Providers\\CrmServiceProvider->boot()
#14 /home/u131785120/domains/samberp.com/public_html/feras/vendor/laravel/framework/src/Illuminate/Container/Util.php(41): Illuminate\\Container\\BoundMethod::Illuminate\\Container\\{closure}()
#15 /home/u131785120/domains/samberp.com/public_html/feras/vendor/laravel/framework/src/Illuminate/Container/BoundMethod.php(93): Illuminate\\Container\\Util::unwrapIfClosure()
#16 /home/u131785120/domains/samberp.com/public_html/feras/vendor/laravel/framework/src/Illuminate/Container/BoundMethod.php(37): Illuminate\\Container\\BoundMethod::callBoundMethod()
#17 /home/u131785120/domains/samberp.com/public_html/feras/vendor/laravel/framework/src/Illuminate/Container/Container.php(661): Illuminate\\Container\\BoundMethod::call()
#18 /home/u131785120/domains/samberp.com/public_html/feras/vendor/laravel/framework/src/Illuminate/Foundation/Application.php(929): Illuminate\\Container\\Container->call()
#19 /home/u131785120/domains/samberp.com/public_html/feras/vendor/laravel/framework/src/Illuminate/Foundation/Application.php(910): Illuminate\\Foundation\\Application->bootProvider()
#20 [internal function]: Illuminate\\Foundation\\Application->Illuminate\\Foundation\\{closure}()
#21 /home/u131785120/domains/samberp.com/public_html/feras/vendor/laravel/framework/src/Illuminate/Foundation/Application.php(911): array_walk()
#22 /home/u131785120/domains/samberp.com/public_html/feras/vendor/laravel/framework/src/Illuminate/Foundation/Bootstrap/BootProviders.php(17): Illuminate\\Foundation\\Application->boot()
#23 /home/u131785120/domains/samberp.com/public_html/feras/vendor/laravel/framework/src/Illuminate/Foundation/Application.php(242): Illuminate\\Foundation\\Bootstrap\\BootProviders->bootstrap()
#24 /home/u131785120/domains/samberp.com/public_html/feras/vendor/laravel/framework/src/Illuminate/Foundation/Http/Kernel.php(176): Illuminate\\Foundation\\Application->bootstrapWith()
#25 /home/u131785120/domains/samberp.com/public_html/feras/vendor/laravel/framework/src/Illuminate/Foundation/Http/Kernel.php(160): Illuminate\\Foundation\\Http\\Kernel->bootstrap()
#26 /home/u131785120/domains/samberp.com/public_html/feras/vendor/laravel/framework/src/Illuminate/Foundation/Http/Kernel.php(134): Illuminate\\Foundation\\Http\\Kernel->sendRequestThroughRouter()
#27 /home/u131785120/domains/samberp.com/public_html/feras/public/index.php(52): Illuminate\\Foundation\\Http\\Kernel->handle()
#28 {main}

[previous exception] [object] (PDOException(code: 1045): SQLSTATE[HY000] [1045] Access denied for user 'u636805486_samferas'@'localhost' (using password: YES) at /home/u131785120/domains/samberp.com/public_html/feras/vendor/laravel/framework/src/Illuminate/Database/Connectors/Connector.php:70)
[stacktrace]
#0 /home/u131785120/domains/samberp.com/public_html/feras/vendor/laravel/framework/src/Illuminate/Database/Connectors/Connector.php(70): PDO->__construct()
#1 /home/u131785120/domains/samberp.com/public_html/feras/vendor/laravel/framework/src/Illuminate/Database/Connectors/Connector.php(46): Illuminate\\Database\\Connectors\\Connector->createPdoConnection()
#2 /home/u131785120/domains/samberp.com/public_html/feras/vendor/laravel/framework/src/Illuminate/Database/Connectors/MySqlConnector.php(24): Illuminate\\Database\\Connectors\\Connector->createConnection()
#3 /home/u131785120/domains/samberp.com/public_html/feras/vendor/laravel/framework/src/Illuminate/Database/Connectors/ConnectionFactory.php(184): Illuminate\\Database\\Connectors\\MySqlConnector->connect()
#4 [internal function]: Illuminate\\Database\\Connectors\\ConnectionFactory->Illuminate\\Database\\Connectors\\{closure}()
#5 /home/u131785120/domains/samberp.com/public_html/feras/vendor/laravel/framework/src/Illuminate/Database/Connection.php(1181): call_user_func()
#6 /home/u131785120/domains/samberp.com/public_html/feras/vendor/laravel/framework/src/Illuminate/Database/Connection.php(1217): Illuminate\\Database\\Connection->getPdo()
#7 /home/u131785120/domains/samberp.com/public_html/feras/vendor/laravel/framework/src/Illuminate/Database/Connection.php(486): Illuminate\\Database\\Connection->getReadPdo()
#8 /home/u131785120/domains/samberp.com/public_html/feras/vendor/laravel/framework/src/Illuminate/Database/Connection.php(414): Illuminate\\Database\\Connection->getPdoForSelect()
#9 /home/u131785120/domains/samberp.com/public_html/feras/vendor/laravel/framework/src/Illuminate/Database/Connection.php(753): Illuminate\\Database\\Connection->Illuminate\\Database\\{closure}()
#10 /home/u131785120/domains/samberp.com/public_html/feras/vendor/laravel/framework/src/Illuminate/Database/Connection.php(720): Illuminate\\Database\\Connection->runQueryCallback()
#11 /home/u131785120/domains/samberp.com/public_html/feras/vendor/laravel/framework/src/Illuminate/Database/Connection.php(422): Illuminate\\Database\\Connection->run()
#12 /home/u131785120/domains/samberp.com/public_html/feras/vendor/laravel/framework/src/Illuminate/Database/Query/Builder.php(2706): Illuminate\\Database\\Connection->select()
#13 /home/u131785120/domains/samberp.com/public_html/feras/vendor/laravel/framework/src/Illuminate/Database/Query/Builder.php(2694): Illuminate\\Database\\Query\\Builder->runSelect()
#14 /home/u131785120/domains/samberp.com/public_html/feras/vendor/laravel/framework/src/Illuminate/Database/Query/Builder.php(3230): Illuminate\\Database\\Query\\Builder->Illuminate\\Database\\Query\\{closure}()
#15 /home/u131785120/domains/samberp.com/public_html/feras/vendor/laravel/framework/src/Illuminate/Database/Query/Builder.php(2695): Illuminate\\Database\\Query\\Builder->onceWithColumns()
#16 /home/u131785120/domains/samberp.com/public_html/feras/vendor/laravel/framework/src/Illuminate/Database/Eloquent/Builder.php(710): Illuminate\\Database\\Query\\Builder->get()
#17 /home/u131785120/domains/samberp.com/public_html/feras/vendor/laravel/framework/src/Illuminate/Database/Eloquent/Builder.php(694): Illuminate\\Database\\Eloquent\\Builder->getModels()
#18 /home/u131785120/domains/samberp.com/public_html/feras/vendor/laravel/framework/src/Illuminate/Database/Concerns/BuildsQueries.php(296): Illuminate\\Database\\Eloquent\\Builder->get()
#19 /home/u131785120/domains/samberp.com/public_html/feras/app/System.php(39): Illuminate\\Database\\Eloquent\\Builder->first()
#20 /home/u131785120/domains/samberp.com/public_html/feras/app/Utils/ModuleUtil.php(28): App\\System::getProperty()
#21 /home/u131785120/domains/samberp.com/public_html/feras/Modules/Crm/Providers/CrmServiceProvider.php(172): App\\Utils\\ModuleUtil->isModuleInstalled()
#22 /home/u131785120/domains/samberp.com/public_html/feras/Modules/Crm/Providers/CrmServiceProvider.php(39): Modules\\Crm\\Providers\\CrmServiceProvider->registerScheduleCommands()
#23 /home/u131785120/domains/samberp.com/public_html/feras/vendor/laravel/framework/src/Illuminate/Container/BoundMethod.php(36): Modules\\Crm\\Providers\\CrmServiceProvider->boot()
#24 /home/u131785120/domains/samberp.com/public_html/feras/vendor/laravel/framework/src/Illuminate/Container/Util.php(41): Illuminate\\Container\\BoundMethod::Illuminate\\Container\\{closure}()
#25 /home/u131785120/domains/samberp.com/public_html/feras/vendor/laravel/framework/src/Illuminate/Container/BoundMethod.php(93): Illuminate\\Container\\Util::unwrapIfClosure()
#26 /home/u131785120/domains/samberp.com/public_html/feras/vendor/laravel/framework/src/Illuminate/Container/BoundMethod.php(37): Illuminate\\Container\\BoundMethod::callBoundMethod()
#27 /home/u131785120/domains/samberp.com/public_html/feras/vendor/laravel/framework/src/Illuminate/Container/Container.php(661): Illuminate\\Container\\BoundMethod::call()
#28 /home/u131785120/domains/samberp.com/public_html/feras/vendor/laravel/framework/src/Illuminate/Foundation/Application.php(929): Illuminate\\Container\\Container->call()
#29 /home/u131785120/domains/samberp.com/public_html/feras/vendor/laravel/framework/src/Illuminate/Foundation/Application.php(910): Illuminate\\Foundation\\Application->bootProvider()
#30 [internal function]: Illuminate\\Foundation\\Application->Illuminate\\Foundation\\{closure}()
#31 /home/u131785120/domains/samberp.com/public_html/feras/vendor/laravel/framework/src/Illuminate/Foundation/Application.php(911): array_walk()
#32 /home/u131785120/domains/samberp.com/public_html/feras/vendor/laravel/framework/src/Illuminate/Foundation/Bootstrap/BootProviders.php(17): Illuminate\\Foundation\\Application->boot()
#33 /home/u131785120/domains/samberp.com/public_html/feras/vendor/laravel/framework/src/Illuminate/Foundation/Application.php(242): Illuminate\\Foundation\\Bootstrap\\BootProviders->bootstrap()
#34 /home/u131785120/domains/samberp.com/public_html/feras/vendor/laravel/framework/src/Illuminate/Foundation/Http/Kernel.php(176): Illuminate\\Foundation\\Application->bootstrapWith()
#35 /home/u131785120/domains/samberp.com/public_html/feras/vendor/laravel/framework/src/Illuminate/Foundation/Http/Kernel.php(160): Illuminate\\Foundation\\Http\\Kernel->bootstrap()
#36 /home/u131785120/domains/samberp.com/public_html/feras/vendor/laravel/framework/src/Illuminate/Foundation/Http/Kernel.php(134): Illuminate\\Foundation\\Http\\Kernel->sendRequestThroughRouter()
#37 /home/u131785120/domains/samberp.com/public_html/feras/public/index.php(52): Illuminate\\Foundation\\Http\\Kernel->handle()
#38 {main}
"} 
[2023-08-26 06:56:40] live.ERROR: SQLSTATE[HY000] [1045] Access denied for user 'u636805486_samferas'@'localhost' (using password: YES) (SQL: select * from `system` where `key` = crm_version limit 1) {"exception":"[object] (Illuminate\\Database\\QueryException(code: 1045): SQLSTATE[HY000] [1045] Access denied for user 'u636805486_samferas'@'localhost' (using password: YES) (SQL: select * from `system` where `key` = crm_version limit 1) at /home/u131785120/domains/samberp.com/public_html/feras/vendor/laravel/framework/src/Illuminate/Database/Connection.php:760)
[stacktrace]
#0 /home/u131785120/domains/samberp.com/public_html/feras/vendor/laravel/framework/src/Illuminate/Database/Connection.php(720): Illuminate\\Database\\Connection->runQueryCallback()
#1 /home/u131785120/domains/samberp.com/public_html/feras/vendor/laravel/framework/src/Illuminate/Database/Connection.php(422): Illuminate\\Database\\Connection->run()
#2 /home/u131785120/domains/samberp.com/public_html/feras/vendor/laravel/framework/src/Illuminate/Database/Query/Builder.php(2706): Illuminate\\Database\\Connection->select()
#3 /home/u131785120/domains/samberp.com/public_html/feras/vendor/laravel/framework/src/Illuminate/Database/Query/Builder.php(2694): Illuminate\\Database\\Query\\Builder->runSelect()
#4 /home/u131785120/domains/samberp.com/public_html/feras/vendor/laravel/framework/src/Illuminate/Database/Query/Builder.php(3230): Illuminate\\Database\\Query\\Builder->Illuminate\\Database\\Query\\{closure}()
#5 /home/u131785120/domains/samberp.com/public_html/feras/vendor/laravel/framework/src/Illuminate/Database/Query/Builder.php(2695): Illuminate\\Database\\Query\\Builder->onceWithColumns()
#6 /home/u131785120/domains/samberp.com/public_html/feras/vendor/laravel/framework/src/Illuminate/Database/Eloquent/Builder.php(710): Illuminate\\Database\\Query\\Builder->get()
#7 /home/u131785120/domains/samberp.com/public_html/feras/vendor/laravel/framework/src/Illuminate/Database/Eloquent/Builder.php(694): Illuminate\\Database\\Eloquent\\Builder->getModels()
#8 /home/u131785120/domains/samberp.com/public_html/feras/vendor/laravel/framework/src/Illuminate/Database/Concerns/BuildsQueries.php(296): Illuminate\\Database\\Eloquent\\Builder->get()
#9 /home/u131785120/domains/samberp.com/public_html/feras/app/System.php(39): Illuminate\\Database\\Eloquent\\Builder->first()
#10 /home/u131785120/domains/samberp.com/public_html/feras/app/Utils/ModuleUtil.php(28): App\\System::getProperty()
#11 /home/u131785120/domains/samberp.com/public_html/feras/Modules/Crm/Providers/CrmServiceProvider.php(172): App\\Utils\\ModuleUtil->isModuleInstalled()
#12 /home/u131785120/domains/samberp.com/public_html/feras/Modules/Crm/Providers/CrmServiceProvider.php(39): Modules\\Crm\\Providers\\CrmServiceProvider->registerScheduleCommands()
#13 /home/u131785120/domains/samberp.com/public_html/feras/vendor/laravel/framework/src/Illuminate/Container/BoundMethod.php(36): Modules\\Crm\\Providers\\CrmServiceProvider->boot()
#14 /home/u131785120/domains/samberp.com/public_html/feras/vendor/laravel/framework/src/Illuminate/Container/Util.php(41): Illuminate\\Container\\BoundMethod::Illuminate\\Container\\{closure}()
#15 /home/u131785120/domains/samberp.com/public_html/feras/vendor/laravel/framework/src/Illuminate/Container/BoundMethod.php(93): Illuminate\\Container\\Util::unwrapIfClosure()
#16 /home/u131785120/domains/samberp.com/public_html/feras/vendor/laravel/framework/src/Illuminate/Container/BoundMethod.php(37): Illuminate\\Container\\BoundMethod::callBoundMethod()
#17 /home/u131785120/domains/samberp.com/public_html/feras/vendor/laravel/framework/src/Illuminate/Container/Container.php(661): Illuminate\\Container\\BoundMethod::call()
#18 /home/u131785120/domains/samberp.com/public_html/feras/vendor/laravel/framework/src/Illuminate/Foundation/Application.php(929): Illuminate\\Container\\Container->call()
#19 /home/u131785120/domains/samberp.com/public_html/feras/vendor/laravel/framework/src/Illuminate/Foundation/Application.php(910): Illuminate\\Foundation\\Application->bootProvider()
#20 [internal function]: Illuminate\\Foundation\\Application->Illuminate\\Foundation\\{closure}()
#21 /home/u131785120/domains/samberp.com/public_html/feras/vendor/laravel/framework/src/Illuminate/Foundation/Application.php(911): array_walk()
#22 /home/u131785120/domains/samberp.com/public_html/feras/vendor/laravel/framework/src/Illuminate/Foundation/Bootstrap/BootProviders.php(17): Illuminate\\Foundation\\Application->boot()
#23 /home/u131785120/domains/samberp.com/public_html/feras/vendor/laravel/framework/src/Illuminate/Foundation/Application.php(242): Illuminate\\Foundation\\Bootstrap\\BootProviders->bootstrap()
#24 /home/u131785120/domains/samberp.com/public_html/feras/vendor/laravel/framework/src/Illuminate/Foundation/Http/Kernel.php(176): Illuminate\\Foundation\\Application->bootstrapWith()
#25 /home/u131785120/domains/samberp.com/public_html/feras/vendor/laravel/framework/src/Illuminate/Foundation/Http/Kernel.php(160): Illuminate\\Foundation\\Http\\Kernel->bootstrap()
#26 /home/u131785120/domains/samberp.com/public_html/feras/vendor/laravel/framework/src/Illuminate/Foundation/Http/Kernel.php(134): Illuminate\\Foundation\\Http\\Kernel->sendRequestThroughRouter()
#27 /home/u131785120/domains/samberp.com/public_html/feras/public/index.php(52): Illuminate\\Foundation\\Http\\Kernel->handle()
#28 {main}

[previous exception] [object] (PDOException(code: 1045): SQLSTATE[HY000] [1045] Access denied for user 'u636805486_samferas'@'localhost' (using password: YES) at /home/u131785120/domains/samberp.com/public_html/feras/vendor/laravel/framework/src/Illuminate/Database/Connectors/Connector.php:70)
[stacktrace]
#0 /home/u131785120/domains/samberp.com/public_html/feras/vendor/laravel/framework/src/Illuminate/Database/Connectors/Connector.php(70): PDO->__construct()
#1 /home/u131785120/domains/samberp.com/public_html/feras/vendor/laravel/framework/src/Illuminate/Database/Connectors/Connector.php(46): Illuminate\\Database\\Connectors\\Connector->createPdoConnection()
#2 /home/u131785120/domains/samberp.com/public_html/feras/vendor/laravel/framework/src/Illuminate/Database/Connectors/MySqlConnector.php(24): Illuminate\\Database\\Connectors\\Connector->createConnection()
#3 /home/u131785120/domains/samberp.com/public_html/feras/vendor/laravel/framework/src/Illuminate/Database/Connectors/ConnectionFactory.php(184): Illuminate\\Database\\Connectors\\MySqlConnector->connect()
#4 [internal function]: Illuminate\\Database\\Connectors\\ConnectionFactory->Illuminate\\Database\\Connectors\\{closure}()
#5 /home/u131785120/domains/samberp.com/public_html/feras/vendor/laravel/framework/src/Illuminate/Database/Connection.php(1181): call_user_func()
#6 /home/u131785120/domains/samberp.com/public_html/feras/vendor/laravel/framework/src/Illuminate/Database/Connection.php(1217): Illuminate\\Database\\Connection->getPdo()
#7 /home/u131785120/domains/samberp.com/public_html/feras/vendor/laravel/framework/src/Illuminate/Database/Connection.php(486): Illuminate\\Database\\Connection->getReadPdo()
#8 /home/u131785120/domains/samberp.com/public_html/feras/vendor/laravel/framework/src/Illuminate/Database/Connection.php(414): Illuminate\\Database\\Connection->getPdoForSelect()
#9 /home/u131785120/domains/samberp.com/public_html/feras/vendor/laravel/framework/src/Illuminate/Database/Connection.php(753): Illuminate\\Database\\Connection->Illuminate\\Database\\{closure}()
#10 /home/u131785120/domains/samberp.com/public_html/feras/vendor/laravel/framework/src/Illuminate/Database/Connection.php(720): Illuminate\\Database\\Connection->runQueryCallback()
#11 /home/u131785120/domains/samberp.com/public_html/feras/vendor/laravel/framework/src/Illuminate/Database/Connection.php(422): Illuminate\\Database\\Connection->run()
#12 /home/u131785120/domains/samberp.com/public_html/feras/vendor/laravel/framework/src/Illuminate/Database/Query/Builder.php(2706): Illuminate\\Database\\Connection->select()
#13 /home/u131785120/domains/samberp.com/public_html/feras/vendor/laravel/framework/src/Illuminate/Database/Query/Builder.php(2694): Illuminate\\Database\\Query\\Builder->runSelect()
#14 /home/u131785120/domains/samberp.com/public_html/feras/vendor/laravel/framework/src/Illuminate/Database/Query/Builder.php(3230): Illuminate\\Database\\Query\\Builder->Illuminate\\Database\\Query\\{closure}()
#15 /home/u131785120/domains/samberp.com/public_html/feras/vendor/laravel/framework/src/Illuminate/Database/Query/Builder.php(2695): Illuminate\\Database\\Query\\Builder->onceWithColumns()
#16 /home/u131785120/domains/samberp.com/public_html/feras/vendor/laravel/framework/src/Illuminate/Database/Eloquent/Builder.php(710): Illuminate\\Database\\Query\\Builder->get()
#17 /home/u131785120/domains/samberp.com/public_html/feras/vendor/laravel/framework/src/Illuminate/Database/Eloquent/Builder.php(694): Illuminate\\Database\\Eloquent\\Builder->getModels()
#18 /home/u131785120/domains/samberp.com/public_html/feras/vendor/laravel/framework/src/Illuminate/Database/Concerns/BuildsQueries.php(296): Illuminate\\Database\\Eloquent\\Builder->get()
#19 /home/u131785120/domains/samberp.com/public_html/feras/app/System.php(39): Illuminate\\Database\\Eloquent\\Builder->first()
#20 /home/u131785120/domains/samberp.com/public_html/feras/app/Utils/ModuleUtil.php(28): App\\System::getProperty()
#21 /home/u131785120/domains/samberp.com/public_html/feras/Modules/Crm/Providers/CrmServiceProvider.php(172): App\\Utils\\ModuleUtil->isModuleInstalled()
#22 /home/u131785120/domains/samberp.com/public_html/feras/Modules/Crm/Providers/CrmServiceProvider.php(39): Modules\\Crm\\Providers\\CrmServiceProvider->registerScheduleCommands()
#23 /home/u131785120/domains/samberp.com/public_html/feras/vendor/laravel/framework/src/Illuminate/Container/BoundMethod.php(36): Modules\\Crm\\Providers\\CrmServiceProvider->boot()
#24 /home/u131785120/domains/samberp.com/public_html/feras/vendor/laravel/framework/src/Illuminate/Container/Util.php(41): Illuminate\\Container\\BoundMethod::Illuminate\\Container\\{closure}()
#25 /home/u131785120/domains/samberp.com/public_html/feras/vendor/laravel/framework/src/Illuminate/Container/BoundMethod.php(93): Illuminate\\Container\\Util::unwrapIfClosure()
#26 /home/u131785120/domains/samberp.com/public_html/feras/vendor/laravel/framework/src/Illuminate/Container/BoundMethod.php(37): Illuminate\\Container\\BoundMethod::callBoundMethod()
#27 /home/u131785120/domains/samberp.com/public_html/feras/vendor/laravel/framework/src/Illuminate/Container/Container.php(661): Illuminate\\Container\\BoundMethod::call()
#28 /home/u131785120/domains/samberp.com/public_html/feras/vendor/laravel/framework/src/Illuminate/Foundation/Application.php(929): Illuminate\\Container\\Container->call()
#29 /home/u131785120/domains/samberp.com/public_html/feras/vendor/laravel/framework/src/Illuminate/Foundation/Application.php(910): Illuminate\\Foundation\\Application->bootProvider()
#30 [internal function]: Illuminate\\Foundation\\Application->Illuminate\\Foundation\\{closure}()
#31 /home/u131785120/domains/samberp.com/public_html/feras/vendor/laravel/framework/src/Illuminate/Foundation/Application.php(911): array_walk()
#32 /home/u131785120/domains/samberp.com/public_html/feras/vendor/laravel/framework/src/Illuminate/Foundation/Bootstrap/BootProviders.php(17): Illuminate\\Foundation\\Application->boot()
#33 /home/u131785120/domains/samberp.com/public_html/feras/vendor/laravel/framework/src/Illuminate/Foundation/Application.php(242): Illuminate\\Foundation\\Bootstrap\\BootProviders->bootstrap()
#34 /home/u131785120/domains/samberp.com/public_html/feras/vendor/laravel/framework/src/Illuminate/Foundation/Http/Kernel.php(176): Illuminate\\Foundation\\Application->bootstrapWith()
#35 /home/u131785120/domains/samberp.com/public_html/feras/vendor/laravel/framework/src/Illuminate/Foundation/Http/Kernel.php(160): Illuminate\\Foundation\\Http\\Kernel->bootstrap()
#36 /home/u131785120/domains/samberp.com/public_html/feras/vendor/laravel/framework/src/Illuminate/Foundation/Http/Kernel.php(134): Illuminate\\Foundation\\Http\\Kernel->sendRequestThroughRouter()
#37 /home/u131785120/domains/samberp.com/public_html/feras/public/index.php(52): Illuminate\\Foundation\\Http\\Kernel->handle()
#38 {main}
"} 
[2023-08-26 06:56:56] live.ERROR: SQLSTATE[HY000] [1045] Access denied for user 'u636805486_samferas'@'localhost' (using password: YES) (SQL: select * from `system` where `key` = crm_version limit 1) {"exception":"[object] (Illuminate\\Database\\QueryException(code: 1045): SQLSTATE[HY000] [1045] Access denied for user 'u636805486_samferas'@'localhost' (using password: YES) (SQL: select * from `system` where `key` = crm_version limit 1) at /home/u131785120/domains/samberp.com/public_html/feras/vendor/laravel/framework/src/Illuminate/Database/Connection.php:760)
[stacktrace]
#0 /home/u131785120/domains/samberp.com/public_html/feras/vendor/laravel/framework/src/Illuminate/Database/Connection.php(720): Illuminate\\Database\\Connection->runQueryCallback()
#1 /home/u131785120/domains/samberp.com/public_html/feras/vendor/laravel/framework/src/Illuminate/Database/Connection.php(422): Illuminate\\Database\\Connection->run()
#2 /home/u131785120/domains/samberp.com/public_html/feras/vendor/laravel/framework/src/Illuminate/Database/Query/Builder.php(2706): Illuminate\\Database\\Connection->select()
#3 /home/u131785120/domains/samberp.com/public_html/feras/vendor/laravel/framework/src/Illuminate/Database/Query/Builder.php(2694): Illuminate\\Database\\Query\\Builder->runSelect()
#4 /home/u131785120/domains/samberp.com/public_html/feras/vendor/laravel/framework/src/Illuminate/Database/Query/Builder.php(3230): Illuminate\\Database\\Query\\Builder->Illuminate\\Database\\Query\\{closure}()
#5 /home/u131785120/domains/samberp.com/public_html/feras/vendor/laravel/framework/src/Illuminate/Database/Query/Builder.php(2695): Illuminate\\Database\\Query\\Builder->onceWithColumns()
#6 /home/u131785120/domains/samberp.com/public_html/feras/vendor/laravel/framework/src/Illuminate/Database/Eloquent/Builder.php(710): Illuminate\\Database\\Query\\Builder->get()
#7 /home/u131785120/domains/samberp.com/public_html/feras/vendor/laravel/framework/src/Illuminate/Database/Eloquent/Builder.php(694): Illuminate\\Database\\Eloquent\\Builder->getModels()
#8 /home/u131785120/domains/samberp.com/public_html/feras/vendor/laravel/framework/src/Illuminate/Database/Concerns/BuildsQueries.php(296): Illuminate\\Database\\Eloquent\\Builder->get()
#9 /home/u131785120/domains/samberp.com/public_html/feras/app/System.php(39): Illuminate\\Database\\Eloquent\\Builder->first()
#10 /home/u131785120/domains/samberp.com/public_html/feras/app/Utils/ModuleUtil.php(28): App\\System::getProperty()
#11 /home/u131785120/domains/samberp.com/public_html/feras/Modules/Crm/Providers/CrmServiceProvider.php(172): App\\Utils\\ModuleUtil->isModuleInstalled()
#12 /home/u131785120/domains/samberp.com/public_html/feras/Modules/Crm/Providers/CrmServiceProvider.php(39): Modules\\Crm\\Providers\\CrmServiceProvider->registerScheduleCommands()
#13 /home/u131785120/domains/samberp.com/public_html/feras/vendor/laravel/framework/src/Illuminate/Container/BoundMethod.php(36): Modules\\Crm\\Providers\\CrmServiceProvider->boot()
#14 /home/u131785120/domains/samberp.com/public_html/feras/vendor/laravel/framework/src/Illuminate/Container/Util.php(41): Illuminate\\Container\\BoundMethod::Illuminate\\Container\\{closure}()
#15 /home/u131785120/domains/samberp.com/public_html/feras/vendor/laravel/framework/src/Illuminate/Container/BoundMethod.php(93): Illuminate\\Container\\Util::unwrapIfClosure()
#16 /home/u131785120/domains/samberp.com/public_html/feras/vendor/laravel/framework/src/Illuminate/Container/BoundMethod.php(37): Illuminate\\Container\\BoundMethod::callBoundMethod()
#17 /home/u131785120/domains/samberp.com/public_html/feras/vendor/laravel/framework/src/Illuminate/Container/Container.php(661): Illuminate\\Container\\BoundMethod::call()
#18 /home/u131785120/domains/samberp.com/public_html/feras/vendor/laravel/framework/src/Illuminate/Foundation/Application.php(929): Illuminate\\Container\\Container->call()
#19 /home/u131785120/domains/samberp.com/public_html/feras/vendor/laravel/framework/src/Illuminate/Foundation/Application.php(910): Illuminate\\Foundation\\Application->bootProvider()
#20 [internal function]: Illuminate\\Foundation\\Application->Illuminate\\Foundation\\{closure}()
#21 /home/u131785120/domains/samberp.com/public_html/feras/vendor/laravel/framework/src/Illuminate/Foundation/Application.php(911): array_walk()
#22 /home/u131785120/domains/samberp.com/public_html/feras/vendor/laravel/framework/src/Illuminate/Foundation/Bootstrap/BootProviders.php(17): Illuminate\\Foundation\\Application->boot()
#23 /home/u131785120/domains/samberp.com/public_html/feras/vendor/laravel/framework/src/Illuminate/Foundation/Application.php(242): Illuminate\\Foundation\\Bootstrap\\BootProviders->bootstrap()
#24 /home/u131785120/domains/samberp.com/public_html/feras/vendor/laravel/framework/src/Illuminate/Foundation/Http/Kernel.php(176): Illuminate\\Foundation\\Application->bootstrapWith()
#25 /home/u131785120/domains/samberp.com/public_html/feras/vendor/laravel/framework/src/Illuminate/Foundation/Http/Kernel.php(160): Illuminate\\Foundation\\Http\\Kernel->bootstrap()
#26 /home/u131785120/domains/samberp.com/public_html/feras/vendor/laravel/framework/src/Illuminate/Foundation/Http/Kernel.php(134): Illuminate\\Foundation\\Http\\Kernel->sendRequestThroughRouter()
#27 /home/u131785120/domains/samberp.com/public_html/feras/public/index.php(52): Illuminate\\Foundation\\Http\\Kernel->handle()
#28 {main}

[previous exception] [object] (PDOException(code: 1045): SQLSTATE[HY000] [1045] Access denied for user 'u636805486_samferas'@'localhost' (using password: YES) at /home/u131785120/domains/samberp.com/public_html/feras/vendor/laravel/framework/src/Illuminate/Database/Connectors/Connector.php:70)
[stacktrace]
#0 /home/u131785120/domains/samberp.com/public_html/feras/vendor/laravel/framework/src/Illuminate/Database/Connectors/Connector.php(70): PDO->__construct()
#1 /home/u131785120/domains/samberp.com/public_html/feras/vendor/laravel/framework/src/Illuminate/Database/Connectors/Connector.php(46): Illuminate\\Database\\Connectors\\Connector->createPdoConnection()
#2 /home/u131785120/domains/samberp.com/public_html/feras/vendor/laravel/framework/src/Illuminate/Database/Connectors/MySqlConnector.php(24): Illuminate\\Database\\Connectors\\Connector->createConnection()
#3 /home/u131785120/domains/samberp.com/public_html/feras/vendor/laravel/framework/src/Illuminate/Database/Connectors/ConnectionFactory.php(184): Illuminate\\Database\\Connectors\\MySqlConnector->connect()
#4 [internal function]: Illuminate\\Database\\Connectors\\ConnectionFactory->Illuminate\\Database\\Connectors\\{closure}()
#5 /home/u131785120/domains/samberp.com/public_html/feras/vendor/laravel/framework/src/Illuminate/Database/Connection.php(1181): call_user_func()
#6 /home/u131785120/domains/samberp.com/public_html/feras/vendor/laravel/framework/src/Illuminate/Database/Connection.php(1217): Illuminate\\Database\\Connection->getPdo()
#7 /home/u131785120/domains/samberp.com/public_html/feras/vendor/laravel/framework/src/Illuminate/Database/Connection.php(486): Illuminate\\Database\\Connection->getReadPdo()
#8 /home/u131785120/domains/samberp.com/public_html/feras/vendor/laravel/framework/src/Illuminate/Database/Connection.php(414): Illuminate\\Database\\Connection->getPdoForSelect()
#9 /home/u131785120/domains/samberp.com/public_html/feras/vendor/laravel/framework/src/Illuminate/Database/Connection.php(753): Illuminate\\Database\\Connection->Illuminate\\Database\\{closure}()
#10 /home/u131785120/domains/samberp.com/public_html/feras/vendor/laravel/framework/src/Illuminate/Database/Connection.php(720): Illuminate\\Database\\Connection->runQueryCallback()
#11 /home/u131785120/domains/samberp.com/public_html/feras/vendor/laravel/framework/src/Illuminate/Database/Connection.php(422): Illuminate\\Database\\Connection->run()
#12 /home/u131785120/domains/samberp.com/public_html/feras/vendor/laravel/framework/src/Illuminate/Database/Query/Builder.php(2706): Illuminate\\Database\\Connection->select()
#13 /home/u131785120/domains/samberp.com/public_html/feras/vendor/laravel/framework/src/Illuminate/Database/Query/Builder.php(2694): Illuminate\\Database\\Query\\Builder->runSelect()
#14 /home/u131785120/domains/samberp.com/public_html/feras/vendor/laravel/framework/src/Illuminate/Database/Query/Builder.php(3230): Illuminate\\Database\\Query\\Builder->Illuminate\\Database\\Query\\{closure}()
#15 /home/u131785120/domains/samberp.com/public_html/feras/vendor/laravel/framework/src/Illuminate/Database/Query/Builder.php(2695): Illuminate\\Database\\Query\\Builder->onceWithColumns()
#16 /home/u131785120/domains/samberp.com/public_html/feras/vendor/laravel/framework/src/Illuminate/Database/Eloquent/Builder.php(710): Illuminate\\Database\\Query\\Builder->get()
#17 /home/u131785120/domains/samberp.com/public_html/feras/vendor/laravel/framework/src/Illuminate/Database/Eloquent/Builder.php(694): Illuminate\\Database\\Eloquent\\Builder->getModels()
#18 /home/u131785120/domains/samberp.com/public_html/feras/vendor/laravel/framework/src/Illuminate/Database/Concerns/BuildsQueries.php(296): Illuminate\\Database\\Eloquent\\Builder->get()
#19 /home/u131785120/domains/samberp.com/public_html/feras/app/System.php(39): Illuminate\\Database\\Eloquent\\Builder->first()
#20 /home/u131785120/domains/samberp.com/public_html/feras/app/Utils/ModuleUtil.php(28): App\\System::getProperty()
#21 /home/u131785120/domains/samberp.com/public_html/feras/Modules/Crm/Providers/CrmServiceProvider.php(172): App\\Utils\\ModuleUtil->isModuleInstalled()
#22 /home/u131785120/domains/samberp.com/public_html/feras/Modules/Crm/Providers/CrmServiceProvider.php(39): Modules\\Crm\\Providers\\CrmServiceProvider->registerScheduleCommands()
#23 /home/u131785120/domains/samberp.com/public_html/feras/vendor/laravel/framework/src/Illuminate/Container/BoundMethod.php(36): Modules\\Crm\\Providers\\CrmServiceProvider->boot()
#24 /home/u131785120/domains/samberp.com/public_html/feras/vendor/laravel/framework/src/Illuminate/Container/Util.php(41): Illuminate\\Container\\BoundMethod::Illuminate\\Container\\{closure}()
#25 /home/u131785120/domains/samberp.com/public_html/feras/vendor/laravel/framework/src/Illuminate/Container/BoundMethod.php(93): Illuminate\\Container\\Util::unwrapIfClosure()
#26 /home/u131785120/domains/samberp.com/public_html/feras/vendor/laravel/framework/src/Illuminate/Container/BoundMethod.php(37): Illuminate\\Container\\BoundMethod::callBoundMethod()
#27 /home/u131785120/domains/samberp.com/public_html/feras/vendor/laravel/framework/src/Illuminate/Container/Container.php(661): Illuminate\\Container\\BoundMethod::call()
#28 /home/u131785120/domains/samberp.com/public_html/feras/vendor/laravel/framework/src/Illuminate/Foundation/Application.php(929): Illuminate\\Container\\Container->call()
#29 /home/u131785120/domains/samberp.com/public_html/feras/vendor/laravel/framework/src/Illuminate/Foundation/Application.php(910): Illuminate\\Foundation\\Application->bootProvider()
#30 [internal function]: Illuminate\\Foundation\\Application->Illuminate\\Foundation\\{closure}()
#31 /home/u131785120/domains/samberp.com/public_html/feras/vendor/laravel/framework/src/Illuminate/Foundation/Application.php(911): array_walk()
#32 /home/u131785120/domains/samberp.com/public_html/feras/vendor/laravel/framework/src/Illuminate/Foundation/Bootstrap/BootProviders.php(17): Illuminate\\Foundation\\Application->boot()
#33 /home/u131785120/domains/samberp.com/public_html/feras/vendor/laravel/framework/src/Illuminate/Foundation/Application.php(242): Illuminate\\Foundation\\Bootstrap\\BootProviders->bootstrap()
#34 /home/u131785120/domains/samberp.com/public_html/feras/vendor/laravel/framework/src/Illuminate/Foundation/Http/Kernel.php(176): Illuminate\\Foundation\\Application->bootstrapWith()
#35 /home/u131785120/domains/samberp.com/public_html/feras/vendor/laravel/framework/src/Illuminate/Foundation/Http/Kernel.php(160): Illuminate\\Foundation\\Http\\Kernel->bootstrap()
#36 /home/u131785120/domains/samberp.com/public_html/feras/vendor/laravel/framework/src/Illuminate/Foundation/Http/Kernel.php(134): Illuminate\\Foundation\\Http\\Kernel->sendRequestThroughRouter()
#37 /home/u131785120/domains/samberp.com/public_html/feras/public/index.php(52): Illuminate\\Foundation\\Http\\Kernel->handle()
#38 {main}
"} 
[2023-08-26 06:51:00] live.EMERGENCY: File:/home/u131785120/domains/samberp.com/public_html/feras/vendor/laravel/framework/src/Illuminate/Database/Concerns/ManagesTransactions.phpLine:194Message:There is no active transaction  
[2023-08-26 06:51:10] live.EMERGENCY: File:/home/u131785120/domains/samberp.com/public_html/feras/vendor/laravel/framework/src/Illuminate/Database/Concerns/ManagesTransactions.phpLine:194Message:There is no active transaction  
[2023-08-26 06:51:26] live.EMERGENCY: File:/home/u131785120/domains/samberp.com/public_html/feras/vendor/laravel/framework/src/Illuminate/Database/Concerns/ManagesTransactions.phpLine:194Message:There is no active transaction  
[2023-08-26 06:51:57] live.EMERGENCY: File:/home/u131785120/domains/samberp.com/public_html/feras/vendor/laravel/framework/src/Illuminate/Database/Concerns/ManagesTransactions.phpLine:194Message:There is no active transaction  
[2023-08-26 06:52:09] live.EMERGENCY: File:/home/u131785120/domains/samberp.com/public_html/feras/vendor/laravel/framework/src/Illuminate/Database/Concerns/ManagesTransactions.phpLine:194Message:There is no active transaction  
[2023-08-26 06:52:17] live.EMERGENCY: File:/home/u131785120/domains/samberp.com/public_html/feras/vendor/laravel/framework/src/Illuminate/Database/Concerns/ManagesTransactions.phpLine:194Message:There is no active transaction  
